<?xml version="1.0" encoding="UTF-8"?>
<testsuite xmlns:xsi="http://www.w3.org/2001/XMLSchema-instance" xsi:noNamespaceSchemaLocation="https://maven.apache.org/surefire/maven-surefire-plugin/xsd/surefire-test-report.xsd" name="zest.GenerateParenthesesTest" time="0.056" tests="4" errors="0" skipped="0" failures="0">
  <properties>
[...]
</properties>
  <testcase name="inputBoundary" classname="zest.GenerateParenthesesTest" time="0.034"/>
  <testcase name="inputs" classname="zest.GenerateParenthesesTest" time="0.007"/>
  <testcase name="inputLeadingzero" classname="zest.GenerateParenthesesTest" time="0.001"/>
  <testcase name="inputNegative" classname="zest.GenerateParenthesesTest" time="0.001"/>
</testsuite>